<?xml version="1.0" encoding="utf-8"?><testsuites><testsuite name="pytest" errors="0" failures="0" skipped="0" tests="4" time="0.034" timestamp="2026-09-23T05:19:07.225583" hostname="Anshals-MacBook-Pro.local"><testcase classname="tests.test_app" name="test_add" time="0.001" /><testcase classname="tests.test_app" name="test_subtract" time="0.000" /><testcase classname="tests.test_app" name="test_divide" time="0.000" /><testcase classname="tests.test_app" name="test_divide_by_zero" time="0.000" /></testsuite></testsuites>